#
# There is insufficient memory for the Java Runtime Environment to continue.
# Native memory allocation (malloc) failed to allocate 284976 bytes for Chunk::new
# Possible reasons:
#   The system is out of physical RAM or swap space
#   The process is running with CompressedOops enabled, and the Java Heap may be blocking the growth of the native heap
# Possible solutions:
#   Reduce memory load on the system
#   Increase physical memory or swap space
#   Check if swap backing store is full
#   Decrease Java heap size (-Xmx/-Xms)
#   Decrease number of Java threads
#   Decrease Java thread stack sizes (-Xss)
#   Set larger code cache with -XX:ReservedCodeCacheSize=
#   JVM is running with Unscaled Compressed Oops mode in which the Java heap is
#     placed in the first 4GB address space. The Java Heap base address is the
#     maximum limit for the native heap growth. Please use -XX:HeapBaseMinAddress
#     to set the Java Heap base and to place the Java Heap above 4GB virtual address.
# This output file may be truncated or incomplete.
#
#  Out of Memory Error (./src/hotspot/share/memory/arena.cpp:197), pid=1120, tid=5216
#
# JRE version: OpenJDK Runtime Environment Temurin-11.0.12+7 (11.0.12+7) (build 11.0.12+7)
# Java VM: OpenJDK 64-Bit Server VM Temurin-11.0.12+7 (11.0.12+7, mixed mode, tiered, compressed oops, parallel gc, windows-amd64)
# No core dump will be written. Minidumps are not enabled by default on client versions of Windows
#

---------------  S U M M A R Y ------------

Command Line: --add-modules=ALL-SYSTEM --add-opens=java.base/java.util=ALL-UNNAMED --add-opens=java.base/java.lang=ALL-UNNAMED -Declipse.application=org.eclipse.jdt.ls.core.id1 -Dosgi.bundles.defaultStartLevel=4 -Declipse.product=org.eclipse.jdt.ls.core.product -Dfile.encoding=utf8 -DwatchParentProcess=false -XX:+UseParallelGC -XX:GCTimeRatio=4 -XX:AdaptiveSizePolicyWeight=90 -Dsun.zip.disableMemoryMapping=true -Xmx1G -Xms100m -Xverify:none c:\Users\BZT-57\.vscode\extensions\redhat.java-0.82.0\server\plugins\org.eclipse.equinox.launcher_1.6.300.v20210813-1054.jar -configuration c:\Users\BZT-57\AppData\Roaming\Code\User\globalStorage\redhat.java\0.82.0\config_ss_win -data c:\Users\BZT-57\AppData\Roaming\Code\User\workspaceStorage\a1df7ed97ac83f301f0903cfa1c8c2c9\redhat.java\ss_ws

Host: Intel(R) Core(TM) i7-3770K CPU @ 3.50GHz, 8 cores, 15G,  Windows 10 , 64 bit Build 19041 (10.0.19041.1023)
Time: Sat Oct  2 14:57:40 2021 Mitteleuropäische Sommerzeit elapsed time: 3.681120 seconds (0d 0h 0m 3s)

---------------  T H R E A D  ---------------

Current thread (0x000001c4f6ea6000):  JavaThread "C2 CompilerThread0" daemon [_thread_in_native, id=5216, stack(0x0000007369e00000,0x0000007369f00000)]


Current CompileTask:
C2:   3681 1955       4       java.util.HashSet::add (20 bytes)

Stack: [0x0000007369e00000,0x0000007369f00000]
Native frames: (J=compiled Java code, j=interpreted, Vv=VM code, C=native code)
V  [jvm.dll+0x601d0a]
V  [jvm.dll+0x78ab6e]
V  [jvm.dll+0x78c23f]
V  [jvm.dll+0x78c903]
V  [jvm.dll+0x24be68]
V  [jvm.dll+0xc219c]
V  [jvm.dll+0xc275c]
V  [jvm.dll+0x354812]
V  [jvm.dll+0x321f63]
V  [jvm.dll+0x32129a]
V  [jvm.dll+0x205515]
V  [jvm.dll+0x2046fd]
V  [jvm.dll+0x1898fc]
V  [jvm.dll+0x213d67]
V  [jvm.dll+0x211f2b]
V  [jvm.dll+0x74ec19]
V  [jvm.dll+0x747c84]
V  [jvm.dll+0x600ba6]
C  [ucrtbase.dll+0x21bb2]
C  [KERNEL32.DLL+0x17034]
C  [ntdll.dll+0x52651]


---------------  P R O C E S S  ---------------

Threads class SMR info:
_java_thread_list=0x000001c4f8dffaa0, length=18, elements={
0x000001c4eacee000, 0x000001c4f5dde000, 0x000001c4f5de9000, 0x000001c4f6e84800,
0x000001c4f5dfc800, 0x000001c4f6e34000, 0x000001c4f6ea6000, 0x000001c4f6e35800,
0x000001c4f6e3f800, 0x000001c4f6ffd800, 0x000001c4f81ce800, 0x000001c4f8413000,
0x000001c4f8d3c000, 0x000001c4f8687000, 0x000001c4f86e5800, 0x000001c4f84a2000,
0x000001c4f8f5f000, 0x000001c4f8e04800
}

Java Threads: ( => current thread )
  0x000001c4eacee000 JavaThread "main" [_thread_blocked, id=17268, stack(0x0000007369600000,0x0000007369700000)]
  0x000001c4f5dde000 JavaThread "Reference Handler" daemon [_thread_blocked, id=1500, stack(0x0000007369900000,0x0000007369a00000)]
  0x000001c4f5de9000 JavaThread "Finalizer" daemon [_thread_blocked, id=12480, stack(0x0000007369a00000,0x0000007369b00000)]
  0x000001c4f6e84800 JavaThread "Signal Dispatcher" daemon [_thread_blocked, id=13932, stack(0x0000007369b00000,0x0000007369c00000)]
  0x000001c4f5dfc800 JavaThread "Attach Listener" daemon [_thread_blocked, id=1572, stack(0x0000007369c00000,0x0000007369d00000)]
  0x000001c4f6e34000 JavaThread "Service Thread" daemon [_thread_blocked, id=4956, stack(0x0000007369d00000,0x0000007369e00000)]
=>0x000001c4f6ea6000 JavaThread "C2 CompilerThread0" daemon [_thread_in_native, id=5216, stack(0x0000007369e00000,0x0000007369f00000)]
  0x000001c4f6e35800 JavaThread "C1 CompilerThread0" daemon [_thread_blocked, id=12708, stack(0x0000007369f00000,0x000000736a000000)]
  0x000001c4f6e3f800 JavaThread "Sweeper thread" daemon [_thread_blocked, id=13436, stack(0x000000736a000000,0x000000736a100000)]
  0x000001c4f6ffd800 JavaThread "Common-Cleaner" daemon [_thread_blocked, id=14320, stack(0x000000736a100000,0x000000736a200000)]
  0x000001c4f81ce800 JavaThread "Active Thread: Equinox Container: b8c287ec-9a93-4cec-b489-61ca017662c0" [_thread_blocked, id=8660, stack(0x000000736a400000,0x000000736a500000)]
  0x000001c4f8413000 JavaThread "Framework Event Dispatcher: Equinox Container: b8c287ec-9a93-4cec-b489-61ca017662c0" daemon [_thread_blocked, id=16788, stack(0x000000736a200000,0x000000736a300000)]
  0x000001c4f8d3c000 JavaThread "Start Level: Equinox Container: b8c287ec-9a93-4cec-b489-61ca017662c0" daemon [_thread_blocked, id=17892, stack(0x000000736a500000,0x000000736a600000)]
  0x000001c4f8687000 JavaThread "SCR Component Actor" daemon [_thread_blocked, id=14380, stack(0x000000736a600000,0x000000736a700000)]
  0x000001c4f86e5800 JavaThread "Timer-0" daemon [_thread_blocked, id=8796, stack(0x000000736aa00000,0x000000736ab00000)]
  0x000001c4f84a2000 JavaThread "Worker-JM" [_thread_blocked, id=15972, stack(0x000000736ab00000,0x000000736ac00000)]
  0x000001c4f8f5f000 JavaThread "Unknown thread" [_thread_blocked, id=15348, stack(0x000000736ae00000,0x000000736af00000)]
  0x000001c4f8e04800 JavaThread "Worker-1" [_thread_blocked, id=11984, stack(0x000000736af00000,0x000000736b000000)]

Other Threads:
  0x000001c4eadb5800 VMThread "VM Thread" [stack: 0x0000007369800000,0x0000007369900000] [id=17348]
  0x000001c4f7061000 WatcherThread [stack: 0x000000736a300000,0x000000736a400000] [id=10584]
  0x000001c4ead04800 GCTaskThread "ParGC Thread#0" [stack: 0x0000007369700000,0x0000007369800000] [id=11608]
  0x000001c4f8406000 GCTaskThread "ParGC Thread#1" [stack: 0x000000736a700000,0x000000736a800000] [id=17792]
  0x000001c4f866d000 GCTaskThread "ParGC Thread#2" [stack: 0x000000736a800000,0x000000736a900000] [id=11484]
  0x000001c4f866d800 GCTaskThread "ParGC Thread#3" [stack: 0x000000736a900000,0x000000736aa00000] [id=7164]
  0x000001c4f8dd4800 GCTaskThread "ParGC Thread#4" [stack: 0x000000736ac00000,0x000000736ad00000] [id=13628]
  0x000001c4f8f5a000 GCTaskThread "ParGC Thread#5" [stack: 0x000000736ad00000,0x000000736ae00000] [id=3744]
  0x000001c4f8fe4800 GCTaskThread "ParGC Thread#6" [stack: 0x000000736b000000,0x000000736b100000] [id=10772]
  0x000001c4f8f0b800 GCTaskThread "ParGC Thread#7" [stack: 0x000000736b100000,0x000000736b200000] [id=3944]

Threads with active compile tasks:
C2 CompilerThread0   3721 1955       4       java.util.HashSet::add (20 bytes)

VM state:at safepoint (normal execution)

VM Mutex/Monitor currently owned by a thread:  ([mutex/lock_event])
[0x000001c4eace11f0] Threads_lock - owner thread: 0x000001c4eadb5800
[0x000001c4eaceaec0] Heap_lock - owner thread: 0x000001c4f8d3c000

Heap address: 0x00000000c0000000, size: 1024 MB, Compressed Oops mode: 32-bit
Narrow klass base: 0x0000000000000000, Narrow klass shift: 3
Compressed class space size: 1073741824 Address: 0x0000000100000000

Heap:
 PSYoungGen      total 29696K, used 982K [0x00000000eab00000, 0x00000000ecc00000, 0x0000000100000000)
  eden space 25600K, 0% used [0x00000000eab00000,0x00000000eab00000,0x00000000ec400000)
  from space 4096K, 23% used [0x00000000ec400000,0x00000000ec4f5a28,0x00000000ec800000)
  to   space 4096K, 0% used [0x00000000ec800000,0x00000000ec800000,0x00000000ecc00000)
 ParOldGen       total 68608K, used 5668K [0x00000000c0000000, 0x00000000c4300000, 0x00000000eab00000)
  object space 68608K, 8% used [0x00000000c0000000,0x00000000c0589160,0x00000000c4300000)
 Metaspace       used 22596K, capacity 23676K, committed 23808K, reserved 1079296K
  class space    used 2071K, capacity 2451K, committed 2560K, reserved 1048576K

Card table byte_map: [0x000001c4ea6d0000,0x000001c4ea8e0000] _byte_map_base: 0x000001c4ea0d0000

Marking Bits: (ParMarkBitMap*) 0x00007ffa7bc3bcf0
 Begin Bits: [0x000001c4f3400000, 0x000001c4f4400000)
 End Bits:   [0x000001c4f4400000, 0x000001c4f5400000)

Polling page: 0x000001c4ea4c0000

Metaspace:

Usage:
  Non-class:     20.73 MB capacity,    20.04 MB ( 97%) used,   657.02 KB (  3%) free+waste,    43.13 KB ( <1%) overhead. 
      Class:      2.39 MB capacity,     2.02 MB ( 85%) used,   358.79 KB ( 15%) free+waste,    20.63 KB ( <1%) overhead. 
       Both:     23.12 MB capacity,    22.07 MB ( 95%) used,  1015.81 KB (  4%) free+waste,    63.75 KB ( <1%) overhead. 

Virtual space:
  Non-class space:       30.00 MB reserved,      20.75 MB ( 69%) committed 
      Class space:        1.00 GB reserved,       2.50 MB ( <1%) committed 
             Both:        1.03 GB reserved,      23.25 MB (  2%) committed 

Chunk freelists:
   Non-Class:  23.00 KB
       Class:  13.00 KB
        Both:  36.00 KB

MaxMetaspaceSize: 17179869184.00 GB
CompressedClassSpaceSize: 1.00 GB
Initial GC threshold: 20.80 MB
Current GC threshold: 34.59 MB
CDS: off

CodeHeap 'non-profiled nmethods': size=120000Kb used=666Kb max_used=666Kb free=119333Kb
 bounds [0x000001c487ad0000, 0x000001c487d40000, 0x000001c48f000000]
CodeHeap 'profiled nmethods': size=120000Kb used=4030Kb max_used=4030Kb free=115969Kb
 bounds [0x000001c4805a0000, 0x000001c480990000, 0x000001c487ad0000]
CodeHeap 'non-nmethods': size=5760Kb used=1217Kb max_used=1232Kb free=4542Kb
 bounds [0x000001c480000000, 0x000001c480270000, 0x000001c4805a0000]
 total_blobs=2461 nmethods=1978 adapters=397
 compilation: enabled
              stopped_count=0, restarted_count=0
 full_count=0

Compilation events (20 events):
Event: 3.667 Thread 0x000001c4f6e35800 1971       3       org.eclipse.core.internal.preferences.EclipsePreferences::firePreferenceEvent (75 bytes)
Event: 3.668 Thread 0x000001c4f6e35800 nmethod 1971 0x000001c480986c10 code [0x000001c480986f00, 0x000001c480987da8]
Event: 3.668 Thread 0x000001c4f6e35800 1972       3       org.eclipse.core.runtime.preferences.IEclipsePreferences$PreferenceChangeEvent::<init> (41 bytes)
Event: 3.668 Thread 0x000001c4f6e35800 nmethod 1972 0x000001c480988310 code [0x000001c480988500, 0x000001c480988a38]
Event: 3.668 Thread 0x000001c4f6e35800 1974   !   3       org.eclipse.core.internal.preferences.EclipsePreferences::getChild (91 bytes)
Event: 3.669 Thread 0x000001c4f6e35800 nmethod 1974 0x000001c480988c10 code [0x000001c480988e20, 0x000001c4809897a8]
Event: 3.669 Thread 0x000001c4f6e35800 1976       3       org.eclipse.core.internal.preferences.PreferencesService::getDefault (20 bytes)
Event: 3.669 Thread 0x000001c4f6e35800 nmethod 1976 0x000001c480989990 code [0x000001c480989b80, 0x000001c480989fe8]
Event: 3.669 Thread 0x000001c4f6e35800 1981       3       org.eclipse.core.internal.preferences.EclipsePreferences::absolutePath (104 bytes)
Event: 3.670 Thread 0x000001c4f6e35800 nmethod 1981 0x000001c48098a190 code [0x000001c48098a520, 0x000001c48098bb38]
Event: 3.670 Thread 0x000001c4f6e35800 1973       3       org.eclipse.core.internal.preferences.PreferencesService::getRootNode (4 bytes)
Event: 3.671 Thread 0x000001c4f6e35800 nmethod 1973 0x000001c48098c290 code [0x000001c48098c440, 0x000001c48098c558]
Event: 3.671 Thread 0x000001c4f6e35800 1977       3       org.eclipse.core.internal.preferences.RootPreferences::node (7 bytes)
Event: 3.671 Thread 0x000001c4f6e35800 nmethod 1977 0x000001c48098c610 code [0x000001c48098c7c0, 0x000001c48098c8e8]
Event: 3.671 Thread 0x000001c4f6e35800 1978       3       org.eclipse.core.internal.preferences.RootPreferences::getNode (162 bytes)
Event: 3.672 Thread 0x000001c4f6e35800 nmethod 1978 0x000001c48098c990 code [0x000001c48098cd00, 0x000001c48098e208]
Event: 3.672 Thread 0x000001c4f6e35800 1979  s    3       org.eclipse.core.internal.preferences.RootPreferences::getChild (58 bytes)
Event: 3.672 Thread 0x000001c4f6e35800 nmethod 1979 0x000001c48098e910 code [0x000001c48098eb60, 0x000001c48098f798]
Event: 3.672 Thread 0x000001c4f6e35800 1980       3       org.eclipse.core.internal.preferences.DefaultPreferences::getLoadLevel (52 bytes)
Event: 3.673 Thread 0x000001c4f6e35800 nmethod 1980 0x000001c487b76110 code [0x000001c487b76320, 0x000001c487b76918]

GC Heap History (7 events):
Event: 2.461 GC heap before
{Heap before GC invocations=1 (full 0):
 PSYoungGen      total 29696K, used 25600K [0x00000000eab00000, 0x00000000ecc00000, 0x0000000100000000)
  eden space 25600K, 100% used [0x00000000eab00000,0x00000000ec400000,0x00000000ec400000)
  from space 4096K, 0% used [0x00000000ec800000,0x00000000ec800000,0x00000000ecc00000)
  to   space 4096K, 0% used [0x00000000ec400000,0x00000000ec400000,0x00000000ec800000)
 ParOldGen       total 68608K, used 0K [0x00000000c0000000, 0x00000000c4300000, 0x00000000eab00000)
  object space 68608K, 0% used [0x00000000c0000000,0x00000000c0000000,0x00000000c4300000)
 Metaspace       used 13646K, capacity 14025K, committed 14208K, reserved 1062912K
  class space    used 1261K, capacity 1378K, committed 1408K, reserved 1048576K
}
Event: 2.480 GC heap after
{Heap after GC invocations=1 (full 0):
 PSYoungGen      total 29696K, used 3952K [0x00000000eab00000, 0x00000000ecc00000, 0x0000000100000000)
  eden space 25600K, 0% used [0x00000000eab00000,0x00000000eab00000,0x00000000ec400000)
  from space 4096K, 96% used [0x00000000ec400000,0x00000000ec7dc1b8,0x00000000ec800000)
  to   space 4096K, 0% used [0x00000000ec800000,0x00000000ec800000,0x00000000ecc00000)
 ParOldGen       total 68608K, used 8K [0x00000000c0000000, 0x00000000c4300000, 0x00000000eab00000)
  object space 68608K, 0% used [0x00000000c0000000,0x00000000c0002000,0x00000000c4300000)
 Metaspace       used 13646K, capacity 14025K, committed 14208K, reserved 1062912K
  class space    used 1261K, capacity 1378K, committed 1408K, reserved 1048576K
}
Event: 3.456 GC heap before
{Heap before GC invocations=2 (full 0):
 PSYoungGen      total 29696K, used 17415K [0x00000000eab00000, 0x00000000ecc00000, 0x0000000100000000)
  eden space 25600K, 52% used [0x00000000eab00000,0x00000000eb825ba0,0x00000000ec400000)
  from space 4096K, 96% used [0x00000000ec400000,0x00000000ec7dc1b8,0x00000000ec800000)
  to   space 4096K, 0% used [0x00000000ec800000,0x00000000ec800000,0x00000000ecc00000)
 ParOldGen       total 68608K, used 8K [0x00000000c0000000, 0x00000000c4300000, 0x00000000eab00000)
  object space 68608K, 0% used [0x00000000c0000000,0x00000000c0002000,0x00000000c4300000)
 Metaspace       used 20164K, capacity 21130K, committed 21248K, reserved 1069056K
  class space    used 1911K, capacity 2242K, committed 2304K, reserved 1048576K
}
Event: 3.463 GC heap after
{Heap after GC invocations=2 (full 0):
 PSYoungGen      total 29696K, used 4087K [0x00000000eab00000, 0x00000000ecc00000, 0x0000000100000000)
  eden space 25600K, 0% used [0x00000000eab00000,0x00000000eab00000,0x00000000ec400000)
  from space 4096K, 99% used [0x00000000ec800000,0x00000000ecbfdc28,0x00000000ecc00000)
  to   space 4096K, 0% used [0x00000000ec400000,0x00000000ec400000,0x00000000ec800000)
 ParOldGen       total 68608K, used 1647K [0x00000000c0000000, 0x00000000c4300000, 0x00000000eab00000)
  object space 68608K, 2% used [0x00000000c0000000,0x00000000c019be18,0x00000000c4300000)
 Metaspace       used 20164K, capacity 21130K, committed 21248K, reserved 1069056K
  class space    used 1911K, capacity 2242K, committed 2304K, reserved 1048576K
}
Event: 3.463 GC heap before
{Heap before GC invocations=3 (full 1):
 PSYoungGen      total 29696K, used 4087K [0x00000000eab00000, 0x00000000ecc00000, 0x0000000100000000)
  eden space 25600K, 0% used [0x00000000eab00000,0x00000000eab00000,0x00000000ec400000)
  from space 4096K, 99% used [0x00000000ec800000,0x00000000ecbfdc28,0x00000000ecc00000)
  to   space 4096K, 0% used [0x00000000ec400000,0x00000000ec400000,0x00000000ec800000)
 ParOldGen       total 68608K, used 1647K [0x00000000c0000000, 0x00000000c4300000, 0x00000000eab00000)
  object space 68608K, 2% used [0x00000000c0000000,0x00000000c019be18,0x00000000c4300000)
 Metaspace       used 20164K, capacity 21130K, committed 21248K, reserved 1069056K
  class space    used 1911K, capacity 2242K, committed 2304K, reserved 1048576K
}
Event: 3.501 GC heap after
{Heap after GC invocations=3 (full 1):
 PSYoungGen      total 29696K, used 0K [0x00000000eab00000, 0x00000000ecc00000, 0x0000000100000000)
  eden space 25600K, 0% used [0x00000000eab00000,0x00000000eab00000,0x00000000ec400000)
  from space 4096K, 0% used [0x00000000ec800000,0x00000000ec800000,0x00000000ecc00000)
  to   space 4096K, 0% used [0x00000000ec400000,0x00000000ec400000,0x00000000ec800000)
 ParOldGen       total 68608K, used 5660K [0x00000000c0000000, 0x00000000c4300000, 0x00000000eab00000)
  object space 68608K, 8% used [0x00000000c0000000,0x00000000c0587160,0x00000000c4300000)
 Metaspace       used 20164K, capacity 21130K, committed 21248K, reserved 1069056K
  class space    used 1911K, capacity 2242K, committed 2304K, reserved 1048576K
}
Event: 3.678 GC heap before
{Heap before GC invocations=4 (full 1):
 PSYoungGen      total 29696K, used 14737K [0x00000000eab00000, 0x00000000ecc00000, 0x0000000100000000)
  eden space 25600K, 57% used [0x00000000eab00000,0x00000000eb964758,0x00000000ec400000)
  from space 4096K, 0% used [0x00000000ec800000,0x00000000ec800000,0x00000000ecc00000)
  to   space 4096K, 0% used [0x00000000ec400000,0x00000000ec400000,0x00000000ec800000)
 ParOldGen       total 68608K, used 5660K [0x00000000c0000000, 0x00000000c4300000, 0x00000000eab00000)
  object space 68608K, 8% used [0x00000000c0000000,0x00000000c0587160,0x00000000c4300000)
 Metaspace       used 22596K, capacity 23676K, committed 23808K, reserved 1079296K
  class space    used 2071K, capacity 2451K, committed 2560K, reserved 1048576K
}

Deoptimization events (20 events):
Event: 3.285 Thread 0x000001c4f8d3c000 Uncommon trap: trap_request=0xffffffc6 fr.pc=0x000001c487b58934 relative=0x00000000000017f4
Event: 3.285 Thread 0x000001c4f8d3c000 Uncommon trap: reason=bimorphic_or_optimized_type_check action=maybe_recompile pc=0x000001c487b58934 method=java.io.DataInputStream.readUnsignedShort()I @ 4 c2
Event: 3.285 Thread 0x000001c4f8d3c000 DEOPT PACKING pc=0x000001c487b58934 sp=0x000000736a5fab90
Event: 3.285 Thread 0x000001c4f8d3c000 DEOPT UNPACKING pc=0x000001c48004a1af sp=0x000000736a5fab18 mode 2
Event: 3.290 Thread 0x000001c4f8d3c000 Uncommon trap: trap_request=0xffffffc6 fr.pc=0x000001c487b58934 relative=0x00000000000017f4
Event: 3.290 Thread 0x000001c4f8d3c000 Uncommon trap: reason=bimorphic_or_optimized_type_check action=maybe_recompile pc=0x000001c487b58934 method=java.io.DataInputStream.readUnsignedShort()I @ 4 c2
Event: 3.290 Thread 0x000001c4f8d3c000 DEOPT PACKING pc=0x000001c487b58934 sp=0x000000736a5fa840
Event: 3.290 Thread 0x000001c4f8d3c000 DEOPT UNPACKING pc=0x000001c48004a1af sp=0x000000736a5fa7c8 mode 2
Event: 3.290 Thread 0x000001c4f8d3c000 Uncommon trap: trap_request=0xffffffc6 fr.pc=0x000001c487b58934 relative=0x00000000000017f4
Event: 3.290 Thread 0x000001c4f8d3c000 Uncommon trap: reason=bimorphic_or_optimized_type_check action=maybe_recompile pc=0x000001c487b58934 method=java.io.DataInputStream.readUnsignedShort()I @ 4 c2
Event: 3.290 Thread 0x000001c4f8d3c000 DEOPT PACKING pc=0x000001c487b58934 sp=0x000000736a5fa790
Event: 3.290 Thread 0x000001c4f8d3c000 DEOPT UNPACKING pc=0x000001c48004a1af sp=0x000000736a5fa718 mode 2
Event: 3.291 Thread 0x000001c4f8d3c000 Uncommon trap: trap_request=0xffffffc6 fr.pc=0x000001c487b58934 relative=0x00000000000017f4
Event: 3.291 Thread 0x000001c4f8d3c000 Uncommon trap: reason=bimorphic_or_optimized_type_check action=maybe_recompile pc=0x000001c487b58934 method=java.io.DataInputStream.readUnsignedShort()I @ 4 c2
Event: 3.291 Thread 0x000001c4f8d3c000 DEOPT PACKING pc=0x000001c487b58934 sp=0x000000736a5fa6d0
Event: 3.291 Thread 0x000001c4f8d3c000 DEOPT UNPACKING pc=0x000001c48004a1af sp=0x000000736a5fa658 mode 2
Event: 3.505 Thread 0x000001c4f8d3c000 Uncommon trap: trap_request=0xffffff4d fr.pc=0x000001c487b49618 relative=0x0000000000000478
Event: 3.505 Thread 0x000001c4f8d3c000 Uncommon trap: reason=unstable_if action=reinterpret pc=0x000001c487b49618 method=jdk.internal.org.objectweb.asm.Type.getArgumentsAndReturnSizes(Ljava/lang/String;)I @ 47 c2
Event: 3.505 Thread 0x000001c4f8d3c000 DEOPT PACKING pc=0x000001c487b49618 sp=0x000000736a5f9850
Event: 3.505 Thread 0x000001c4f8d3c000 DEOPT UNPACKING pc=0x000001c48004a1af sp=0x000000736a5f97e0 mode 2

Classes redefined (0 events):
No events

Internal exceptions (20 events):
Event: 1.663 Thread 0x000001c4eacee000 Exception <a 'java/lang/NoSuchMethodError'{0x00000000eb895ae0}: 'java.lang.Object java.lang.invoke.DirectMethodHandle$Holder.invokeStaticInit(java.lang.Object, int, int, int, int)'> (0x00000000eb895ae0) thrown at [./src/hotspot/share/interpreter/linkResolver.cpp, line 773]
Event: 1.855 Thread 0x000001c4eacee000 Exception <a 'java/lang/NoSuchMethodError'{0x00000000eb8e7d38}: 'java.lang.Object java.lang.invoke.DirectMethodHandle$Holder.invokeStaticInit(java.lang.Object, java.lang.Object, int, int, int, int)'> (0x00000000eb8e7d38) thrown at [./src/hotspot/share/interpreter/linkResolver.cpp, line 773]
Event: 1.905 Thread 0x000001c4eacee000 Exception <a 'java/lang/NoSuchMethodError'{0x00000000eb9cc2d8}: 'void java.lang.invoke.DirectMethodHandle$Holder.invokeInterface(java.lang.Object, java.lang.Object)'> (0x00000000eb9cc2d8) thrown at [./src/hotspot/share/interpreter/linkResolver.cpp, line 773]
Event: 1.914 Thread 0x000001c4eacee000 Exception <a 'java/lang/NoSuchMethodError'{0x00000000eb9eb780}: 'java.lang.Object java.lang.invoke.DirectMethodHandle$Holder.invokeStatic(java.lang.Object, int, java.lang.Object, java.lang.Object)'> (0x00000000eb9eb780) thrown at [./src/hotspot/share/interpreter/linkResolver.cpp, line 773]
Event: 1.915 Thread 0x000001c4eacee000 Exception <a 'java/lang/NoSuchMethodError'{0x00000000eb9f2b48}: 'java.lang.Object java.lang.invoke.DirectMethodHandle$Holder.invokeSpecial(java.lang.Object, java.lang.Object, int, java.lang.Object, java.lang.Object)'> (0x00000000eb9f2b48) thrown at [./src/hotspot/share/interpreter/linkResolver.cpp, line 773]
Event: 1.922 Thread 0x000001c4eacee000 Exception <a 'java/lang/NoSuchMethodError'{0x00000000eba190a0}: 'int java.lang.invoke.DirectMethodHandle$Holder.invokeSpecialIFC(java.lang.Object, java.lang.Object, int)'> (0x00000000eba190a0) thrown at [./src/hotspot/share/interpreter/linkResolver.cpp, line 773]
Event: 2.106 Thread 0x000001c4eacee000 Exception <a 'java/lang/NoSuchMethodError'{0x00000000ebebda30}: 'java.lang.Object java.lang.invoke.DirectMethodHandle$Holder.invokeStatic(java.lang.Object, int, java.lang.Object)'> (0x00000000ebebda30) thrown at [./src/hotspot/share/interpreter/linkResolver.cpp, line 773]
Event: 2.116 Thread 0x000001c4eacee000 Exception <a 'java/lang/NoSuchMethodError'{0x00000000ebed9530}: 'java.lang.Object java.lang.invoke.Invokers$Holder.linkToTargetMethod(java.lang.Object, java.lang.Object, java.lang.Object, int, java.lang.Object, java.lang.Object)'> (0x00000000ebed9530) thrown at [./src/hotspot/share/interpreter/linkResolver.cpp, line 773]
Event: 2.333 Thread 0x000001c4eacee000 Exception <a 'java/lang/UnsatisfiedLinkError'{0x00000000ec192118}: 'void org.eclipse.equinox.launcher.JNIBridge._update_splash()'> (0x00000000ec192118) thrown at [./src/hotspot/share/prims/nativeLookup.cpp, line 528]
Event: 2.350 Thread 0x000001c4f8413000 Implicit null exception at 0x000001c487afbb8b to 0x000001c487afbc50
Event: 2.360 Thread 0x000001c4f8d3c000 Exception <a 'java/lang/NoSuchMethodError'{0x00000000ec2790e8}: 'java.lang.Object java.lang.invoke.Invokers$Holder.linkToTargetMethod(java.lang.Object, java.lang.Object, java.lang.Object, int, java.lang.Object)'> (0x00000000ec2790e8) thrown at [./src/hotspot/share/interpreter/linkResolver.cpp, line 773]
Event: 2.569 Thread 0x000001c4f8d3c000 Exception <a 'java/lang/NoSuchMethodError'{0x00000000eacdd640}: 'java.lang.Object java.lang.invoke.DirectMethodHandle$Holder.invokeStatic(java.lang.Object, java.lang.Object, java.lang.Object, java.lang.Object, java.lang.Object, java.lang.Object, java.lang.Object, java.lang.Object, java.lang.Object, java.lang.Object, java.lang.Object, java.lang.Object, java.lang.Object, java.lang.Object, java.lang.Object)'> (0x00000000eacdd640) thrown at [./src/hotspot/share/interpreter/linkResolver.cpp, line 773]
Event: 2.571 Thread 0x000001c4f8d3c000 Exception <a 'java/lang/NoSuchMethodError'{0x00000000eaceb648}: 'java.lang.Object java.lang.invoke.DirectMethodHandle$Holder.invokeStatic(java.lang.Object, java.lang.Object, java.lang.Object, java.lang.Object, java.lang.Object, java.lang.Object, java.lang.Object, java.lang.Object, java.lang.Object, java.lang.Object, java.lang.Object, java.lang.Object, java.lang.Object, java.lang.Object, java.lang.Object, java.lang.Object)'> (0x00000000eaceb648) thrown at [./src/hotspot/share/interpreter/linkResolver.cpp, l
Event: 2.573 Thread 0x000001c4f8d3c000 Exception <a 'java/lang/NoSuchMethodError'{0x00000000eacf9560}: 'java.lang.Object java.lang.invoke.DirectMethodHandle$Holder.invokeSpecial(java.lang.Object, java.lang.Object, int, int, java.lang.Object, java.lang.Object, java.lang.Object)'> (0x00000000eacf9560) thrown at [./src/hotspot/share/interpreter/linkResolver.cpp, line 773]
Event: 2.574 Thread 0x000001c4f8d3c000 Exception <a 'java/lang/NoSuchMethodError'{0x00000000eacfcaf0}: 'java.lang.Object java.lang.invoke.DelegatingMethodHandle$Holder.reinvoke_L(java.lang.Object, int, int, java.lang.Object, java.lang.Object, java.lang.Object)'> (0x00000000eacfcaf0) thrown at [./src/hotspot/share/interpreter/linkResolver.cpp, line 773]
Event: 2.838 Thread 0x000001c4f8d3c000 Exception <a 'java/io/FileNotFoundException'{0x00000000eaffdb40}> (0x00000000eaffdb40) thrown at [./src/hotspot/share/prims/jni.cpp, line 615]
Event: 3.204 Thread 0x000001c4f8d3c000 Exception <a 'java/lang/NoSuchMethodError'{0x00000000eb4ae050}: 'void java.lang.invoke.DirectMethodHandle$Holder.invokeSpecial(java.lang.Object, java.lang.Object, java.lang.Object, java.lang.Object)'> (0x00000000eb4ae050) thrown at [./src/hotspot/share/interpreter/linkResolver.cpp, line 773]
Event: 3.217 Thread 0x000001c4f8d3c000 Exception <a 'java/io/FileNotFoundException'{0x00000000eb4d8220}> (0x00000000eb4d8220) thrown at [./src/hotspot/share/prims/jni.cpp, line 615]
Event: 3.437 Thread 0x000001c4f8d3c000 Exception <a 'java/lang/NoSuchMethodError'{0x00000000eb7bf700}: 'int java.lang.invoke.DirectMethodHandle$Holder.invokeStaticInit(java.lang.Object, java.lang.Object, java.lang.Object)'> (0x00000000eb7bf700) thrown at [./src/hotspot/share/interpreter/linkResolver.cpp, line 773]
Event: 3.446 Thread 0x000001c4f8d3c000 Exception <a 'java/lang/IncompatibleClassChangeError'{0x00000000eb7f49a8}: Found class java.lang.Object, but interface was expected> (0x00000000eb7f49a8) thrown at [./src/hotspot/share/interpreter/linkResolver.cpp, line 839]

Events (20 events):
Event: 3.567 Executing VM operation: RevokeBias done
Event: 3.570 loading class org/eclipse/core/runtime/IProgressMonitor
Event: 3.570 loading class org/eclipse/core/runtime/IProgressMonitor done
Event: 3.570 loading class org/eclipse/core/runtime/IProgressMonitor
Event: 3.570 loading class org/eclipse/core/runtime/IProgressMonitor done
Event: 3.570 loading class org/eclipse/core/runtime/IProgressMonitor
Event: 3.570 loading class org/eclipse/core/runtime/IProgressMonitor done
Event: 3.570 loading class org/eclipse/jdt/internal/core/search/indexing/IndexNamesRegistry
Event: 3.570 loading class org/eclipse/jdt/internal/core/search/indexing/IndexNamesRegistry done
Event: 3.571 Executing VM operation: RevokeBias
Event: 3.571 Executing VM operation: RevokeBias done
Event: 3.572 Executing VM operation: RevokeBias
Event: 3.572 Executing VM operation: RevokeBias done
Event: 3.576 Executing VM operation: RevokeBias
Event: 3.576 Executing VM operation: RevokeBias done
Event: 3.612 loading class org/eclipse/jdt/internal/compiler/lookup/ReferenceBinding
Event: 3.612 loading class org/eclipse/jdt/internal/compiler/lookup/ReferenceBinding done
Event: 3.613 loading class org/eclipse/jdt/internal/compiler/lookup/ReferenceBinding
Event: 3.613 loading class org/eclipse/jdt/internal/compiler/lookup/ReferenceBinding done
Event: 3.678 Executing VM operation: CollectForMetadataAllocation


Dynamic libraries:
0x00007ff7b8c30000 - 0x00007ff7b8c3d000 	C:\Users\BZT-57\AppData\Local\Programs\Eclipse Foundation\jdk-11.0.12.7-hotspot\bin\java.exe
0x00007ffab9590000 - 0x00007ffab9785000 	C:\Windows\SYSTEM32\ntdll.dll
0x00007ffab8980000 - 0x00007ffab8a3d000 	C:\Windows\System32\KERNEL32.DLL
0x00007ffab72d0000 - 0x00007ffab7598000 	C:\Windows\System32\KERNELBASE.dll
0x00007ffab45f0000 - 0x00007ffab4680000 	C:\Windows\SYSTEM32\apphelp.dll
0x00007ffab7070000 - 0x00007ffab7170000 	C:\Windows\System32\ucrtbase.dll
0x00007ffab0e60000 - 0x00007ffab0e75000 	C:\Users\BZT-57\AppData\Local\Programs\Eclipse Foundation\jdk-11.0.12.7-hotspot\bin\VCRUNTIME140.dll
0x00007ffaafb10000 - 0x00007ffaafb27000 	C:\Users\BZT-57\AppData\Local\Programs\Eclipse Foundation\jdk-11.0.12.7-hotspot\bin\jli.dll
0x00007ffab8a40000 - 0x00007ffab8be0000 	C:\Windows\System32\USER32.dll
0x00007ffab6fb0000 - 0x00007ffab6fd2000 	C:\Windows\System32\win32u.dll
0x00007ffab8850000 - 0x00007ffab887a000 	C:\Windows\System32\GDI32.dll
0x00007ffab6e00000 - 0x00007ffab6f0b000 	C:\Windows\System32\gdi32full.dll
0x00007ffab6f10000 - 0x00007ffab6fad000 	C:\Windows\System32\msvcp_win.dll
0x00007ffaa05b0000 - 0x00007ffaa084a000 	C:\Windows\WinSxS\amd64_microsoft.windows.common-controls_6595b64144ccf1df_6.0.19041.1052_none_60b8f8fd71f5e8cb\COMCTL32.dll
0x00007ffab7da0000 - 0x00007ffab7e3e000 	C:\Windows\System32\msvcrt.dll
0x00007ffab8950000 - 0x00007ffab8980000 	C:\Windows\System32\IMM32.DLL
0x00007ffa87c80000 - 0x00007ffa87d1b000 	C:\Users\BZT-57\AppData\Local\Programs\Eclipse Foundation\jdk-11.0.12.7-hotspot\bin\msvcp140.dll
0x00007ffa7b1a0000 - 0x00007ffa7bcf9000 	C:\Users\BZT-57\AppData\Local\Programs\Eclipse Foundation\jdk-11.0.12.7-hotspot\bin\server\jvm.dll
0x00007ffab7f50000 - 0x00007ffab7ffc000 	C:\Windows\System32\ADVAPI32.dll
0x00007ffab8710000 - 0x00007ffab87ab000 	C:\Windows\System32\sechost.dll
0x00007ffab85e0000 - 0x00007ffab870b000 	C:\Windows\System32\RPCRT4.dll
0x00007ffab87b0000 - 0x00007ffab87b8000 	C:\Windows\System32\PSAPI.DLL
0x00007ffaab200000 - 0x00007ffaab227000 	C:\Windows\SYSTEM32\WINMM.dll
0x00007ffab0500000 - 0x00007ffab050a000 	C:\Windows\SYSTEM32\VERSION.dll
0x00007ffab1ab0000 - 0x00007ffab1ab9000 	C:\Windows\SYSTEM32\WSOCK32.dll
0x00007ffab8010000 - 0x00007ffab807b000 	C:\Windows\System32\ws2_32.DLL
0x00007ffab4c00000 - 0x00007ffab4c12000 	C:\Windows\SYSTEM32\kernel.appcore.dll
0x00007ffab19d0000 - 0x00007ffab19e0000 	C:\Users\BZT-57\AppData\Local\Programs\Eclipse Foundation\jdk-11.0.12.7-hotspot\bin\verify.dll
0x00007ffa9b900000 - 0x00007ffa9bae4000 	C:\Windows\SYSTEM32\DBGHELP.DLL
0x00007ffa9b8d0000 - 0x00007ffa9b8fc000 	C:\Windows\SYSTEM32\dbgcore.DLL
0x00007ffab6fe0000 - 0x00007ffab7063000 	C:\Windows\System32\bcryptPrimitives.dll
0x00007ffaad110000 - 0x00007ffaad138000 	C:\Users\BZT-57\AppData\Local\Programs\Eclipse Foundation\jdk-11.0.12.7-hotspot\bin\java.dll
0x00007ffab14b0000 - 0x00007ffab14ba000 	C:\Users\BZT-57\AppData\Local\Programs\Eclipse Foundation\jdk-11.0.12.7-hotspot\bin\jimage.dll
0x00007ffaad230000 - 0x00007ffaad247000 	C:\Users\BZT-57\AppData\Local\Programs\Eclipse Foundation\jdk-11.0.12.7-hotspot\bin\zip.dll
0x00007ffab8d10000 - 0x00007ffab944f000 	C:\Windows\System32\SHELL32.dll
0x00007ffab4e00000 - 0x00007ffab5590000 	C:\Windows\SYSTEM32\windows.storage.dll
0x00007ffab8200000 - 0x00007ffab8555000 	C:\Windows\System32\combase.dll
0x00007ffab6740000 - 0x00007ffab676c000 	C:\Windows\SYSTEM32\Wldp.dll
0x00007ffab7cf0000 - 0x00007ffab7d9e000 	C:\Windows\System32\SHCORE.dll
0x00007ffab81a0000 - 0x00007ffab81f5000 	C:\Windows\System32\shlwapi.dll
0x00007ffab6c10000 - 0x00007ffab6c2f000 	C:\Windows\SYSTEM32\profapi.dll
0x00007ffaaf620000 - 0x00007ffaaf639000 	C:\Users\BZT-57\AppData\Local\Programs\Eclipse Foundation\jdk-11.0.12.7-hotspot\bin\net.dll
0x00007ffab0ae0000 - 0x00007ffab0beb000 	C:\Windows\SYSTEM32\WINHTTP.dll
0x00007ffab6470000 - 0x00007ffab64da000 	C:\Windows\system32\mswsock.dll
0x00007ffaacf60000 - 0x00007ffaacf72000 	C:\Users\BZT-57\AppData\Local\Programs\Eclipse Foundation\jdk-11.0.12.7-hotspot\bin\nio.dll
0x00007ffab6670000 - 0x00007ffab6688000 	C:\Windows\SYSTEM32\CRYPTSP.dll
0x00007ffab5da0000 - 0x00007ffab5dd4000 	C:\Windows\system32\rsaenh.dll
0x00007ffab6d20000 - 0x00007ffab6d47000 	C:\Windows\System32\bcrypt.dll
0x00007ffab6bd0000 - 0x00007ffab6bfe000 	C:\Windows\SYSTEM32\USERENV.dll
0x00007ffab6660000 - 0x00007ffab666c000 	C:\Windows\SYSTEM32\CRYPTBASE.dll
0x00007ffab6120000 - 0x00007ffab615b000 	C:\Windows\SYSTEM32\IPHLPAPI.DLL
0x00007ffab7660000 - 0x00007ffab7668000 	C:\Windows\System32\NSI.dll
0x00007ffab0530000 - 0x00007ffab0547000 	C:\Windows\SYSTEM32\dhcpcsvc6.DLL
0x00007ffab0510000 - 0x00007ffab052d000 	C:\Windows\SYSTEM32\dhcpcsvc.DLL
0x00007ffab6170000 - 0x00007ffab623c000 	C:\Windows\SYSTEM32\DNSAPI.dll
0x00007ffaaa4b0000 - 0x00007ffaaa4ee000 	C:\Users\BZT-57\AppData\Roaming\Code\User\globalStorage\redhat.java\0.82.0\config_ss_win\org.eclipse.equinox.launcher\org.eclipse.equinox.launcher.win32.win32.x86_64_1.2.300.v20210828-0802\eclipse_11506.dll
0x00007ffab8be0000 - 0x00007ffab8d0a000 	C:\Windows\System32\ole32.dll

dbghelp: loaded successfully - version: 4.0.5 - missing functions: none
symbol engine: initialized successfully - sym options: 0x614 - pdb path: .;C:\Users\BZT-57\AppData\Local\Programs\Eclipse Foundation\jdk-11.0.12.7-hotspot\bin;C:\Windows\SYSTEM32;C:\Windows\WinSxS\amd64_microsoft.windows.common-controls_6595b64144ccf1df_6.0.19041.1052_none_60b8f8fd71f5e8cb;C:\Users\BZT-57\AppData\Local\Programs\Eclipse Foundation\jdk-11.0.12.7-hotspot\bin\server;C:\Users\BZT-57\AppData\Roaming\Code\User\globalStorage\redhat.java\0.82.0\config_ss_win\org.eclipse.equinox.launcher\org.eclipse.equinox.launcher.win32.win32.x86_64_1.2.300.v20210828-0802

VM Arguments:
jvm_args: --add-modules=ALL-SYSTEM --add-opens=java.base/java.util=ALL-UNNAMED --add-opens=java.base/java.lang=ALL-UNNAMED -Declipse.application=org.eclipse.jdt.ls.core.id1 -Dosgi.bundles.defaultStartLevel=4 -Declipse.product=org.eclipse.jdt.ls.core.product -Dfile.encoding=utf8 -DwatchParentProcess=false -XX:+UseParallelGC -XX:GCTimeRatio=4 -XX:AdaptiveSizePolicyWeight=90 -Dsun.zip.disableMemoryMapping=true -Xmx1G -Xms100m -Xverify:none 
java_command: c:\Users\BZT-57\.vscode\extensions\redhat.java-0.82.0\server\plugins\org.eclipse.equinox.launcher_1.6.300.v20210813-1054.jar -configuration c:\Users\BZT-57\AppData\Roaming\Code\User\globalStorage\redhat.java\0.82.0\config_ss_win -data c:\Users\BZT-57\AppData\Roaming\Code\User\workspaceStorage\a1df7ed97ac83f301f0903cfa1c8c2c9\redhat.java\ss_ws
java_class_path (initial): c:\Users\BZT-57\.vscode\extensions\redhat.java-0.82.0\server\plugins\org.eclipse.equinox.launcher_1.6.300.v20210813-1054.jar
Launcher Type: SUN_STANDARD

[Global flags]
    uintx AdaptiveSizePolicyWeight                 = 90                                        {product} {command line}
     bool BytecodeVerificationLocal                = false                                     {product} {command line}
     bool BytecodeVerificationRemote               = false                                     {product} {command line}
     intx CICompilerCount                          = 4                                         {product} {ergonomic}
    uintx GCTimeRatio                              = 4                                         {product} {command line}
   size_t InitialHeapSize                          = 104857600                                 {product} {command line}
   size_t MaxHeapSize                              = 1073741824                                {product} {command line}
   size_t MaxNewSize                               = 357564416                                 {product} {ergonomic}
   size_t MinHeapDeltaBytes                        = 524288                                    {product} {ergonomic}
   size_t NewSize                                  = 34603008                                  {product} {ergonomic}
    uintx NonNMethodCodeHeapSize                   = 5836300                                {pd product} {ergonomic}
    uintx NonProfiledCodeHeapSize                  = 122910970                              {pd product} {ergonomic}
   size_t OldSize                                  = 70254592                                  {product} {ergonomic}
    uintx ProfiledCodeHeapSize                     = 122910970                              {pd product} {ergonomic}
    uintx ReservedCodeCacheSize                    = 251658240                              {pd product} {ergonomic}
     bool SegmentedCodeCache                       = true                                      {product} {ergonomic}
     bool UseCompressedClassPointers               = true                                 {lp64_product} {ergonomic}
     bool UseCompressedOops                        = true                                 {lp64_product} {ergonomic}
     bool UseLargePagesIndividualAllocation        = false                                  {pd product} {ergonomic}
     bool UseParallelGC                            = true                                      {product} {command line}

Logging:
Log output configuration:
 #0: stdout all=warning uptime,level,tags
 #1: stderr all=off uptime,level,tags

Environment Variables:
JAVA_HOME=C:\Users\BZT-57\AppData\Local\Programs\Eclipse Foundation\jdk-11.0.12.7-hotspot\
PATH=C:\Program Files (x86)\VMware\VMware Workstation\bin\;C:\Windows\system32;C:\Windows;C:\Windows\System32\Wbem;C:\Windows\System32\WindowsPowerShell\v1.0\;C:\Windows\System32\OpenSSH\;C:\Program Files\NVIDIA Corporation\NVIDIA NvDLISR;C:\Program Files\Git\cmd;C:\Program Files\Docker\Docker\resources\bin;C:\ProgramData\DockerDesktop\version-bin;C:\Program Files (x86)\NVIDIA Corporation\PhysX\Common;C:\Program Files\nodejs\;C:\Users\BZT-57\AppData\Local\Programs\Eclipse Foundation\jdk-11.0.12.7-hotspot\bin;C:\Users\BZT-57\AppData\Local\Programs\Python\Python39\Scripts\;C:\Users\BZT-57\AppData\Local\Programs\Python\Python39\;C:\Users\BZT-57\AppData\Local\Microsoft\WindowsApps;C:\Program Files\JetBrains\PyCharm Community Edition 2021.1.2\bin;;C:\Users\BZT-57\AppData\Local\Programs\Microsoft VS Code\bin;C:\Users\BZT-57\AppData\Roaming\npm;C:\Users\BZT-57\AppData\Local\GitHubDesktop\bin
USERNAME=BZT-57
OS=Windows_NT
PROCESSOR_IDENTIFIER=Intel64 Family 6 Model 58 Stepping 9, GenuineIntel



---------------  S Y S T E M  ---------------

OS: Windows 10 , 64 bit Build 19041 (10.0.19041.1023)
OS uptime: 8 days 21:41 hours
Hyper-V role detected

CPU:total 8 (initial active 8) (4 cores per cpu, 2 threads per core) family 6 model 58 stepping 9 microcode 0x21, cmov, cx8, fxsr, mmx, sse, sse2, sse3, ssse3, sse4.1, sse4.2, popcnt, avx, aes, clmul, erms, ht, tsc, tscinvbit, tscinv

Memory: 4k page, system-wide physical 16326M (640M free)
TotalPageFile size 46771M (AvailPageFile size 5M)
current process WorkingSet (physical memory assigned to process): 105M, peak: 105M
current process commit charge ("private bytes"): 220M, peak: 220M

vm_info: OpenJDK 64-Bit Server VM (11.0.12+7) for windows-amd64 JRE (11.0.12+7), built on Jul 21 2021 16:23:49 by "" with unknown MS VC++:1916

END.
